<?xml version="1.0" encoding="UTF-8"?>
<testsuites>
	<testsuite tests="6" errors="0" failures="0" time="0.026" timestamp="2015-09-10T17:46:27">
		<testcase classname="myQuery" name="should be able to select elements by tag" time="0.012">
		</testcase>
		<testcase classname="myQuery" name="should be able to select elements by class" time="0.002">
		</testcase>
		<testcase classname="myQuery" name="should be able to select elements by id" time="0.002">
		</testcase>
		<testcase classname="myQuery" name="should be able to change all selected elements with #css" time="0.001">
		</testcase>
		<testcase classname="myQuery" name="should remove all selected elements with #remove" time="0.002">
		</testcase>
		<testcase classname="myQuery" name="should append an element to all selected elements with #append" time="0.002">
		</testcase>
	</testsuite>
</testsuites>

